[log] tee initialized at 2026-01-06 10:53:00 -> runs_dual\session_20260106-105300.log
Using CUDA device 0: NVIDIA GeForce RTX 4060 Laptop GPU
Traceback (most recent call last):
  File "E:\personal_Data\Document of School\Uni Stuttgart\Masterarbeit\Code\param_regression\ADS_Parameter_Fitting\IV_param_regression\NN_training\code\training\cvae_Unidi_CNN\main.py", line 761, in <module>
    main()
  File "E:\personal_Data\Document of School\Uni Stuttgart\Masterarbeit\Code\param_regression\ADS_Parameter_Fitting\IV_param_regression\NN_training\code\training\cvae_Unidi_CNN\main.py", line 754, in main
    infer_cli(args, device)
  File "E:\personal_Data\Document of School\Uni Stuttgart\Masterarbeit\Code\param_regression\ADS_Parameter_Fitting\IV_param_regression\NN_training\code\training\cvae_Unidi_CNN\main.py", line 555, in infer_cli
    pred_norm = model.sample(xt_iv, xt_gm, num_samples=args.num_samples, sample_mode=args.sample_mode)
                ^^^^^^^^^^^^^^^^^^^^^^^^^^^^^^^^^^^^^^^^^^^^^^^^^^^^^^^^^^^^^^^^^^^^^^^^^^^^^^^^^^^^^^
  File "E:\personal_Data\Document of School\Uni Stuttgart\Masterarbeit\Code\param_regression\ADS_Parameter_Fitting\IV_param_regression\NN_training\code\training\cvae_Unidi_CNN\models.py", line 375, in sample
    h = self.encode_x(x_iv, x_gm)
        ^^^^^^^^^^^^^^^^^^^^^^^^^
  File "E:\personal_Data\Document of School\Uni Stuttgart\Masterarbeit\Code\param_regression\ADS_Parameter_Fitting\IV_param_regression\NN_training\code\training\cvae_Unidi_CNN\models.py", line 343, in encode_x
    return self.x_encoder(x_iv, x_gm)
           ^^^^^^^^^^^^^^^^^^^^^^^^^^
  File "D:\Miniconda\envs\DL\Lib\site-packages\torch\nn\modules\module.py", line 1751, in _wrapped_call_impl
    return self._call_impl(*args, **kwargs)
           ^^^^^^^^^^^^^^^^^^^^^^^^^^^^^^^^
  File "D:\Miniconda\envs\DL\Lib\site-packages\torch\nn\modules\module.py", line 1762, in _call_impl
    return forward_call(*args, **kwargs)
           ^^^^^^^^^^^^^^^^^^^^^^^^^^^^^
  File "E:\personal_Data\Document of School\Uni Stuttgart\Masterarbeit\Code\param_regression\ADS_Parameter_Fitting\IV_param_regression\NN_training\code\training\cvae_Unidi_CNN\models.py", line 293, in forward
    h_iv = self.iv_net(x_iv)
           ^^^^^^^^^^^^^^^^^
  File "D:\Miniconda\envs\DL\Lib\site-packages\torch\nn\modules\module.py", line 1751, in _wrapped_call_impl
    return self._call_impl(*args, **kwargs)
           ^^^^^^^^^^^^^^^^^^^^^^^^^^^^^^^^
  File "D:\Miniconda\envs\DL\Lib\site-packages\torch\nn\modules\module.py", line 1762, in _call_impl
    return forward_call(*args, **kwargs)
           ^^^^^^^^^^^^^^^^^^^^^^^^^^^^^
  File "D:\Miniconda\envs\DL\Lib\site-packages\torch\nn\modules\container.py", line 240, in forward
    input = module(input)
            ^^^^^^^^^^^^^
  File "D:\Miniconda\envs\DL\Lib\site-packages\torch\nn\modules\module.py", line 1751, in _wrapped_call_impl
    return self._call_impl(*args, **kwargs)
           ^^^^^^^^^^^^^^^^^^^^^^^^^^^^^^^^
  File "D:\Miniconda\envs\DL\Lib\site-packages\torch\nn\modules\module.py", line 1762, in _call_impl
    return forward_call(*args, **kwargs)
           ^^^^^^^^^^^^^^^^^^^^^^^^^^^^^
  File "D:\Miniconda\envs\DL\Lib\site-packages\torch\nn\modules\batchnorm.py", line 193, in forward
    return F.batch_norm(
           ^^^^^^^^^^^^^
  File "D:\Miniconda\envs\DL\Lib\site-packages\torch\nn\functional.py", line 2822, in batch_norm
    return torch.batch_norm(
           ^^^^^^^^^^^^^^^^^
RuntimeError: CUDA error: out of memory
CUDA kernel errors might be asynchronously reported at some other API call, so the stacktrace below might be incorrect.
For debugging consider passing CUDA_LAUNCH_BLOCKING=1
Compile with `TORCH_USE_CUDA_DSA` to enable device-side assertions.

